<?xml version="1.0" encoding="UTF-8"?>
<!-- Generated by org.testng.reporters.JUnitReportReporter -->
<testsuite skipped="0" hostname="Sampada-PC" name="com.fbk.TestCases.TestCase1" tests="2" failures="0" timestamp="20 May 2019 05:54:29 GMT" time="0.000" errors="0">
  <testcase name="sub" time="0.000" classname="com.fbk.TestCases.TestCase1"/>
  <testcase name="add" time="0.000" classname="com.fbk.TestCases.TestCase1"/>
</testsuite> <!-- com.fbk.TestCases.TestCase1 -->
